<?xml version="1.0" encoding="UTF-8"?>
<!-- Generated by org.testng.reporters.JUnitReportReporter -->
<testsuite hostname="Suraj-Pc" failures="0" tests="1" name="testcases.Login_test" time="0.692" errors="0" timestamp="11 Sep 2023 15:02:19 GMT">
  <testcase classname="testcases.Login_test" name="login_test_with_valid_data" time="0.692"/>
</testsuite> <!-- testcases.Login_test -->
