<?xml version="1.0" encoding="UTF-8"?>
<!-- Generated by org.testng.reporters.JUnitReportReporter -->
<testsuite hostname="Suraj-Pc" failures="0" tests="1" name="testcases.Login_test" time="0.005" errors="0" timestamp="10 Sep 2023 13:52:15 GMT">
  <testcase classname="testcases.Login_test" name="login_test_with_valid_data" time="0.005"/>
</testsuite> <!-- testcases.Login_test -->
